<?xml version="1.0" encoding="UTF-8"?>
<!-- Generated by org.testng.reporters.JUnitXMLReporter -->
<testsuite ignored="0" hostname="BALA" failures="1" tests="9" name="Test" time="0.152" errors="0" timestamp="2023-04-26T13:34:43 IST">
  <testcase classname="com.actime.testscript.CustomerModule" name="createModule" time="0.024">
    <failure type="java.lang.AssertionError" message="null">
      <![CDATA[java.lang.AssertionError: null
at com.actime.testscript.CustomerModule.createModule(CustomerModule.java:11)
at java.base/java.util.ArrayList.forEach(ArrayList.java:1511)
... Removed 27 stack frames]]>
    </failure>
  </testcase> <!-- createModule -->
  <testcase classname="com.actime.testscript.CustomerModule" name="deleteCustomer" time="0.004"/>
  <testcase classname="com.actime.testscript.CustomerModule" name="modifyCustomer" time="0.002"/>
  <testcase classname="com.actime.testscript.TaskModule" name="createTask" time="0.003"/>
  <testcase classname="com.actime.testscript.TaskModule" name="deleteTask" time="0.002"/>
  <testcase classname="com.actime.testscript.TaskModule" name="modifyTask" time="0.008"/>
  <testcase classname="com.actime.testscript.ProjectModule" name="createProject" time="0.002"/>
  <testcase classname="com.actime.testscript.ProjectModule" name="deleteProject" time="0.003"/>
  <testcase classname="com.actime.testscript.ProjectModule" name="modifyProject" time="0.002"/>
</testsuite> <!-- Test -->
